Using pre-set license
Built from '2020.3/staging' branch; Version is '2020.3.4f1 (0abb6314276a) revision 703331'; Using compiler version '192528614'; Build Type 'Release'
OS: 'Windows 10 Home; OS build 19042.1387; Version 2009; 64bit' Language: 'en' Physical Memory: 16147 MB
BatchMode: 1, IsHumanControllingUs: 0, StartBugReporterOnCrash: 0, Is64bit: 1, IsPro: 0

 COMMAND LINE ARGUMENTS:
C:\Program Files\Unity\Hub\Editor\2020.3.4f1\Editor\Unity.exe
-adb2
-batchMode
-noUpm
-name
AssetImportWorker0
-projectPath
C:/Users/sjoho/Documents/SpaceRunnerToimiva
-logFile
Logs/AssetImportWorker0.log
-srvPort
50341
Successfully changed project path to: C:/Users/sjoho/Documents/SpaceRunnerToimiva
C:/Users/sjoho/Documents/SpaceRunnerToimiva
Using Asset Import Pipeline V2.
Refreshing native plugins compatible for Editor in 31.93 ms, found 0 plugins.
Preloading 0 native plugins for Editor in 0.00 ms.
Initialize engine version: 2020.3.4f1 (0abb6314276a)
[Subsystems] Discovering subsystems at path C:/Program Files/Unity/Hub/Editor/2020.3.4f1/Editor/Data/Resources/UnitySubsystems
[Subsystems] Discovering subsystems at path C:/Users/sjoho/Documents/SpaceRunnerToimiva/Assets
GfxDevice: creating device client; threaded=0
Direct3D:
    Version:  Direct3D 11.0 [level 11.1]
    Renderer: NVIDIA GeForce RTX 3060 Laptop GPU (ID=0x2520)
    Vendor:   
    VRAM:     6023 MB
    Driver:   27.21.14.6262
Initialize mono
Mono path[0] = 'C:/Program Files/Unity/Hub/Editor/2020.3.4f1/Editor/Data/Managed'
Mono path[1] = 'C:/Program Files/Unity/Hub/Editor/2020.3.4f1/Editor/Data/MonoBleedingEdge/lib/mono/unityjit'
Mono config path = 'C:/Program Files/Unity/Hub/Editor/2020.3.4f1/Editor/Data/MonoBleedingEdge/etc'
Using monoOptions --debugger-agent=transport=dt_socket,embedding=1,server=y,suspend=n,address=127.0.0.1:56116
Begin MonoManager ReloadAssembly
Registering precompiled unity dll's ...
Register platform support module: C:/Program Files/Unity/Hub/Editor/2020.3.4f1/Editor/Data/PlaybackEngines/WindowsStandaloneSupport/UnityEditor.WindowsStandalone.Extensions.dll
Registered in 0.005287 seconds.
Native extension for WindowsStandalone target not found
Refreshing native plugins compatible for Editor in 30.87 ms, found 0 plugins.
Preloading 0 native plugins for Editor in 0.00 ms.
Mono: successfully reloaded assembly
- Completed reload, in  2.190 seconds
Platform modules already initialized, skipping
Registering precompiled user dll's ...
Registered in 0.001244 seconds.
Begin MonoManager ReloadAssembly
Native extension for WindowsStandalone target not found
Refreshing native plugins compatible for Editor in 0.25 ms, found 0 plugins.
Preloading 0 native plugins for Editor in 0.00 ms.
Mono: successfully reloaded assembly
- Completed reload, in  0.670 seconds
Platform modules already initialized, skipping
========================================================================
Worker process is ready to serve import requests
Launched and connected shader compiler UnityShaderCompiler.exe after 0.05 seconds
Refreshing native plugins compatible for Editor in 0.32 ms, found 0 plugins.
Preloading 0 native plugins for Editor in 0.00 ms.
Unloading 1157 Unused Serialized files (Serialized files now loaded: 0)
System memory in use before: 59.2 MB.
System memory in use after: 59.2 MB.

Unloading 9 unused Assets to reduce memory usage. Loaded Objects now: 1605.
Total: 2.359000 ms (FindLiveObjects: 0.153100 ms CreateObjectMapping: 0.026600 ms MarkObjects: 2.015100 ms  DeleteObjects: 0.162500 ms)

========================================================================
Received Import Request.
  path: Assets/Scenes/SampleScene.unity
  artifactKey: Guid(9fc0d4010bbf28b4594072e72b8655ab) Importer(815301076,1909f56bfc062723c751e8b465ee728b)
Start importing Assets/Scenes/SampleScene.unity using Guid(9fc0d4010bbf28b4594072e72b8655ab) Importer(815301076,1909f56bfc062723c751e8b465ee728b)  -> (artifact id: '4b0fb97826f720948c472e676a953e27') in 0.027122 seconds
  Import took 0.030361 seconds .

========================================================================
Received Import Request.
  Time since last request: 2710.123749 seconds.
  path: Assets/Distant Lands
  artifactKey: Guid(6228e659efc8d6344a5202ad69c66351) Importer(815301076,1909f56bfc062723c751e8b465ee728b)
Start importing Assets/Distant Lands using Guid(6228e659efc8d6344a5202ad69c66351) Importer(815301076,1909f56bfc062723c751e8b465ee728b)  -> (artifact id: 'f143402263cdab138eb2422981c84ea7') in 0.007169 seconds
  Import took 0.013283 seconds .

========================================================================
Received Import Request.
  Time since last request: 4.504270 seconds.
  path: Assets/Distant Lands/Free Characters
  artifactKey: Guid(34cc6d7b5cd95454e8a3d6a272855980) Importer(815301076,1909f56bfc062723c751e8b465ee728b)
Start importing Assets/Distant Lands/Free Characters using Guid(34cc6d7b5cd95454e8a3d6a272855980) Importer(815301076,1909f56bfc062723c751e8b465ee728b)  -> (artifact id: 'b337ca4ad2de429256a2988953b56827') in 0.005658 seconds
  Import took 0.008755 seconds .

========================================================================
Received Import Request.
  Time since last request: 5.063647 seconds.
  path: Assets/Pocket Portal VR
  artifactKey: Guid(38271b5dd6ddf1c428c96b4ad8b278d9) Importer(815301076,1909f56bfc062723c751e8b465ee728b)
Start importing Assets/Pocket Portal VR using Guid(38271b5dd6ddf1c428c96b4ad8b278d9) Importer(815301076,1909f56bfc062723c751e8b465ee728b)  -> (artifact id: 'f0067e10d3a52d9e6a57359368962508') in 0.005612 seconds
  Import took 0.008099 seconds .

========================================================================
Received Import Request.
  Time since last request: 3537.263909 seconds.
  path: Assets/Distant Lands/Free Characters/Contents
  artifactKey: Guid(e06ab242b464bcb4ab72392773d7de83) Importer(815301076,1909f56bfc062723c751e8b465ee728b)
Start importing Assets/Distant Lands/Free Characters/Contents using Guid(e06ab242b464bcb4ab72392773d7de83) Importer(815301076,1909f56bfc062723c751e8b465ee728b)  -> (artifact id: 'd6b2251239a209b377dca841faf2f215') in 0.005210 seconds
  Import took 0.020125 seconds .

========================================================================
Received Import Request.
  Time since last request: 0.681056 seconds.
  path: Assets/Distant Lands/Free Characters/Contents/Materials
  artifactKey: Guid(1208d9cd5f4722c4ab718ba9a03d1fff) Importer(815301076,1909f56bfc062723c751e8b465ee728b)
Start importing Assets/Distant Lands/Free Characters/Contents/Materials using Guid(1208d9cd5f4722c4ab718ba9a03d1fff) Importer(815301076,1909f56bfc062723c751e8b465ee728b)  -> (artifact id: 'bc575651a1ec25354dc8a4b1b908f476') in 0.004241 seconds
  Import took 0.008269 seconds .

========================================================================
Received Import Request.
  Time since last request: 0.054794 seconds.
  path: Assets/Distant Lands/Free Characters/Contents/Materials/Boots.mat
  artifactKey: Guid(6b75266228de9b54cb2410e1e91ed2a4) Importer(815301076,1909f56bfc062723c751e8b465ee728b)
Start importing Assets/Distant Lands/Free Characters/Contents/Materials/Boots.mat using Guid(6b75266228de9b54cb2410e1e91ed2a4) Importer(815301076,1909f56bfc062723c751e8b465ee728b)  -> (artifact id: '63862ed92eb7d8e212f50fce0b6942b8') in 0.224547 seconds
  Import took 0.227243 seconds .

========================================================================
Received Import Request.
  Time since last request: 0.000587 seconds.
  path: Assets/Distant Lands/Free Characters/Contents/Materials/Hair 1.mat
  artifactKey: Guid(a4b9d3f58b80099439bedb92279c3590) Importer(815301076,1909f56bfc062723c751e8b465ee728b)
Start importing Assets/Distant Lands/Free Characters/Contents/Materials/Hair 1.mat using Guid(a4b9d3f58b80099439bedb92279c3590) Importer(815301076,1909f56bfc062723c751e8b465ee728b)  -> (artifact id: 'c9b87790ac3508c8646fbb199a3da2e4') in 0.013249 seconds
  Import took 0.016323 seconds .

========================================================================
Received Import Request.
  Time since last request: 0.000876 seconds.
  path: Assets/Distant Lands/Free Characters/Contents/Materials/Fabric 3.mat
  artifactKey: Guid(6425d2b4aa9744543a7391465ae1e706) Importer(815301076,1909f56bfc062723c751e8b465ee728b)
Start importing Assets/Distant Lands/Free Characters/Contents/Materials/Fabric 3.mat using Guid(6425d2b4aa9744543a7391465ae1e706) Importer(815301076,1909f56bfc062723c751e8b465ee728b)  -> (artifact id: '79f639a02015283893268a0454b971b4') in 0.014859 seconds
  Import took 0.017141 seconds .

========================================================================
Received Import Request.
  Time since last request: 0.000576 seconds.
  path: Assets/Distant Lands/Free Characters/Contents/Materials/Hair 4.mat
  artifactKey: Guid(ebe0fedcf36050348ae48d12e109f895) Importer(815301076,1909f56bfc062723c751e8b465ee728b)
Start importing Assets/Distant Lands/Free Characters/Contents/Materials/Hair 4.mat using Guid(ebe0fedcf36050348ae48d12e109f895) Importer(815301076,1909f56bfc062723c751e8b465ee728b)  -> (artifact id: '9d9d2b050006a7e1a34e7c95bdbddc60') in 0.026903 seconds
  Import took 0.028798 seconds .

========================================================================
Received Import Request.
  Time since last request: 0.000487 seconds.
  path: Assets/Distant Lands/Free Characters/Contents/Materials/Hair 3.mat
  artifactKey: Guid(5605e5920a541bf408757aac3099af95) Importer(815301076,1909f56bfc062723c751e8b465ee728b)
Start importing Assets/Distant Lands/Free Characters/Contents/Materials/Hair 3.mat using Guid(5605e5920a541bf408757aac3099af95) Importer(815301076,1909f56bfc062723c751e8b465ee728b)  -> (artifact id: '3f1eb1328cf43ccb95e63f4741c2eef3') in 0.018256 seconds
  Import took 0.020543 seconds .

========================================================================
Received Import Request.
  Time since last request: 0.000458 seconds.
  path: Assets/Distant Lands/Free Characters/Contents/Materials/Fabric 1.mat
  artifactKey: Guid(f64b913b9c029c64686fe685362dc010) Importer(815301076,1909f56bfc062723c751e8b465ee728b)
Start importing Assets/Distant Lands/Free Characters/Contents/Materials/Fabric 1.mat using Guid(f64b913b9c029c64686fe685362dc010) Importer(815301076,1909f56bfc062723c751e8b465ee728b)  -> (artifact id: 'edbd89df2390dfa1408a4807de6a4757') in 0.015258 seconds
  Import took 0.017990 seconds .

========================================================================
Received Import Request.
  Time since last request: 0.000566 seconds.
  path: Assets/Distant Lands/Free Characters/Contents/Materials/Shirt 2.mat
  artifactKey: Guid(03f63bc20fb459248a4a28ac7768c324) Importer(815301076,1909f56bfc062723c751e8b465ee728b)
Start importing Assets/Distant Lands/Free Characters/Contents/Materials/Shirt 2.mat using Guid(03f63bc20fb459248a4a28ac7768c324) Importer(815301076,1909f56bfc062723c751e8b465ee728b)  -> (artifact id: '52ccc42f00bd75bf0720ca8284df544c') in 0.009605 seconds
  Import took 0.012585 seconds .

========================================================================
Received Import Request.
  Time since last request: 0.000458 seconds.
  path: Assets/Distant Lands/Free Characters/Contents/Materials/Shirt 4.mat
  artifactKey: Guid(a4837fa2db3044f4ebddda971ae619f6) Importer(815301076,1909f56bfc062723c751e8b465ee728b)
Start importing Assets/Distant Lands/Free Characters/Contents/Materials/Shirt 4.mat using Guid(a4837fa2db3044f4ebddda971ae619f6) Importer(815301076,1909f56bfc062723c751e8b465ee728b)  -> (artifact id: '38d453e91d03e1e3faedb475fade7deb') in 0.010090 seconds
  Import took 0.012893 seconds .

========================================================================
Received Import Request.
  Time since last request: 0.000492 seconds.
  path: Assets/Distant Lands/Free Characters/Contents/Materials/Skin 4.mat
  artifactKey: Guid(6b57555aa8704c14a8af79bd0146a466) Importer(815301076,1909f56bfc062723c751e8b465ee728b)
Start importing Assets/Distant Lands/Free Characters/Contents/Materials/Skin 4.mat using Guid(6b57555aa8704c14a8af79bd0146a466) Importer(815301076,1909f56bfc062723c751e8b465ee728b)  -> (artifact id: '7cacc540db322b17e6e1f1447c4195d0') in 0.010322 seconds
  Import took 0.012483 seconds .

========================================================================
Received Import Request.
  Time since last request: 0.000557 seconds.
  path: Assets/Distant Lands/Free Characters/Contents/Materials/Shirt 1.mat
  artifactKey: Guid(e3c92db89668ebb439f67832a852a3b4) Importer(815301076,1909f56bfc062723c751e8b465ee728b)
Start importing Assets/Distant Lands/Free Characters/Contents/Materials/Shirt 1.mat using Guid(e3c92db89668ebb439f67832a852a3b4) Importer(815301076,1909f56bfc062723c751e8b465ee728b)  -> (artifact id: 'fb11f070e12a7e60b406bb1f37c6ffaf') in 0.013541 seconds
  Import took 0.015806 seconds .

========================================================================
Received Import Request.
  Time since last request: 0.000493 seconds.
  path: Assets/Distant Lands/Free Characters/Contents/Materials/Skin 3.mat
  artifactKey: Guid(f8709670b974bb34b9bb5bde311063da) Importer(815301076,1909f56bfc062723c751e8b465ee728b)
Start importing Assets/Distant Lands/Free Characters/Contents/Materials/Skin 3.mat using Guid(f8709670b974bb34b9bb5bde311063da) Importer(815301076,1909f56bfc062723c751e8b465ee728b)  -> (artifact id: 'b9a5aea83232986bc77ad4a673caceff') in 0.009331 seconds
  Import took 0.011447 seconds .

========================================================================
Received Import Request.
  Time since last request: 0.000283 seconds.
  path: Assets/Distant Lands/Free Characters/Contents/Materials/Hair 2.mat
  artifactKey: Guid(2b11d852be6fc6643a7304ad7ee36ce9) Importer(815301076,1909f56bfc062723c751e8b465ee728b)
Start importing Assets/Distant Lands/Free Characters/Contents/Materials/Hair 2.mat using Guid(2b11d852be6fc6643a7304ad7ee36ce9) Importer(815301076,1909f56bfc062723c751e8b465ee728b)  -> (artifact id: 'aaacec930f1c514ac3bf450bcb495b2e') in 0.009569 seconds
  Import took 0.011439 seconds .

========================================================================
Received Import Request.
  Time since last request: 0.000350 seconds.
  path: Assets/Distant Lands/Free Characters/Contents/Materials/Shirt 3.mat
  artifactKey: Guid(a33ed502185220a4d97ede3de7fd9163) Importer(815301076,1909f56bfc062723c751e8b465ee728b)
Start importing Assets/Distant Lands/Free Characters/Contents/Materials/Shirt 3.mat using Guid(a33ed502185220a4d97ede3de7fd9163) Importer(815301076,1909f56bfc062723c751e8b465ee728b)  -> (artifact id: 'd00ac9242add7234b553d32e94a636a6') in 0.008011 seconds
  Import took 0.010295 seconds .

========================================================================
Received Import Request.
  Time since last request: 0.000387 seconds.
  path: Assets/Distant Lands/Free Characters/Contents/Materials/Skin 1.mat
  artifactKey: Guid(0cb07277ecdcb6547ad06f13b33b4736) Importer(815301076,1909f56bfc062723c751e8b465ee728b)
Start importing Assets/Distant Lands/Free Characters/Contents/Materials/Skin 1.mat using Guid(0cb07277ecdcb6547ad06f13b33b4736) Importer(815301076,1909f56bfc062723c751e8b465ee728b)  -> (artifact id: '63df118ec41101d9039dd23873f83f5a') in 0.008508 seconds
  Import took 0.010711 seconds .

========================================================================
Received Import Request.
  Time since last request: 0.000337 seconds.
  path: Assets/Distant Lands/Free Characters/Contents/Materials/Fabric 2.mat
  artifactKey: Guid(95b4fabaf92645b47b01d508061fd389) Importer(815301076,1909f56bfc062723c751e8b465ee728b)
Start importing Assets/Distant Lands/Free Characters/Contents/Materials/Fabric 2.mat using Guid(95b4fabaf92645b47b01d508061fd389) Importer(815301076,1909f56bfc062723c751e8b465ee728b)  -> (artifact id: '9ccc600ee897bd2e5df6f7651d84bb50') in 0.008850 seconds
  Import took 0.010958 seconds .

========================================================================
Received Import Request.
  Time since last request: 0.000289 seconds.
  path: Assets/Distant Lands/Free Characters/Contents/Materials/Skin 2.mat
  artifactKey: Guid(17f1bd9c4bd45454ebf9855e7dfda148) Importer(815301076,1909f56bfc062723c751e8b465ee728b)
Start importing Assets/Distant Lands/Free Characters/Contents/Materials/Skin 2.mat using Guid(17f1bd9c4bd45454ebf9855e7dfda148) Importer(815301076,1909f56bfc062723c751e8b465ee728b)  -> (artifact id: 'b8d51ad4e3c0fab5fd17238776f6d8f7') in 0.007998 seconds
  Import took 0.009957 seconds .

========================================================================
Received Import Request.
  Time since last request: 0.002941 seconds.
  path: Assets/Distant Lands/Free Characters/Contents/Materials/Skin 2.mat
  artifactKey: Guid(17f1bd9c4bd45454ebf9855e7dfda148) Importer(815301076,1909f56bfc062723c751e8b465ee728b)
Start importing Assets/Distant Lands/Free Characters/Contents/Materials/Skin 2.mat using Guid(17f1bd9c4bd45454ebf9855e7dfda148) Importer(815301076,1909f56bfc062723c751e8b465ee728b)  -> (artifact id: 'b8d51ad4e3c0fab5fd17238776f6d8f7') in 0.006606 seconds
  Import took 0.008463 seconds .

========================================================================
Received Import Request.
  Time since last request: 1.639632 seconds.
  path: Assets/Distant Lands/Free Characters/Contents/Mesh
  artifactKey: Guid(412a246803a3afc4dbab4c83f6d67e66) Importer(815301076,1909f56bfc062723c751e8b465ee728b)
Start importing Assets/Distant Lands/Free Characters/Contents/Mesh using Guid(412a246803a3afc4dbab4c83f6d67e66) Importer(815301076,1909f56bfc062723c751e8b465ee728b)  -> (artifact id: '0385d901b46f301d4066f20452173862') in 0.005657 seconds
  Import took 0.008404 seconds .

========================================================================
Received Import Request.
  Time since last request: 0.031943 seconds.
  path: Assets/Distant Lands/Free Characters/Contents/Mesh/Female Hands.fbx
  artifactKey: Guid(d9979e9ec1784f8418ec3118f7edb3b2) Importer(815301076,1909f56bfc062723c751e8b465ee728b)
Start importing Assets/Distant Lands/Free Characters/Contents/Mesh/Female Hands.fbx using Guid(d9979e9ec1784f8418ec3118f7edb3b2) Importer(815301076,1909f56bfc062723c751e8b465ee728b)  -> (artifact id: '37250587eca948abc5fdafe81458c360') in 0.324208 seconds
  Import took 0.328403 seconds .

========================================================================
Received Import Request.
  Time since last request: 0.000629 seconds.
  path: Assets/Distant Lands/Free Characters/Contents/Mesh/Male Hands.fbx
  artifactKey: Guid(6ff98783d10689e4199627949324d20f) Importer(815301076,1909f56bfc062723c751e8b465ee728b)
Start importing Assets/Distant Lands/Free Characters/Contents/Mesh/Male Hands.fbx using Guid(6ff98783d10689e4199627949324d20f) Importer(815301076,1909f56bfc062723c751e8b465ee728b)  -> (artifact id: '3371841dd43f876bf4ff3bd1f8905441') in 0.079368 seconds
  Import took 0.082999 seconds .

========================================================================
Received Import Request.
  Time since last request: 0.000397 seconds.
  path: Assets/Distant Lands/Free Characters/Contents/Mesh/Male.fbx
  artifactKey: Guid(8c28075e6e1a5c34ca899fd618879dd4) Importer(815301076,1909f56bfc062723c751e8b465ee728b)
Start importing Assets/Distant Lands/Free Characters/Contents/Mesh/Male.fbx using Guid(8c28075e6e1a5c34ca899fd618879dd4) Importer(815301076,1909f56bfc062723c751e8b465ee728b)  -> (artifact id: '44bd17463fd928b4c4650d2bb2b13ac0') in 0.076197 seconds
  Import took 0.079643 seconds .

========================================================================
Received Import Request.
  Time since last request: 0.000426 seconds.
  path: Assets/Distant Lands/Free Characters/Contents/Mesh/Female.fbx
  artifactKey: Guid(dc1dacc99c42993499b968409533f7cb) Importer(815301076,1909f56bfc062723c751e8b465ee728b)
Start importing Assets/Distant Lands/Free Characters/Contents/Mesh/Female.fbx using Guid(dc1dacc99c42993499b968409533f7cb) Importer(815301076,1909f56bfc062723c751e8b465ee728b)  -> (artifact id: '31b4713590a876a292c72812d1223c45') in 0.073777 seconds
  Import took 0.076890 seconds .

========================================================================
Received Import Request.
  Time since last request: 17.586518 seconds.
  path: Assets/Materials
  artifactKey: Guid(b251ad56f827b034f9dedaca9952ef30) Importer(815301076,1909f56bfc062723c751e8b465ee728b)
Start importing Assets/Materials using Guid(b251ad56f827b034f9dedaca9952ef30) Importer(815301076,1909f56bfc062723c751e8b465ee728b)  -> (artifact id: '31fa5bf87f530fec99c4fb2ccdbf39bb') in 0.005848 seconds
  Import took 0.009257 seconds .

========================================================================
Received Import Request.
  Time since last request: 0.061440 seconds.
  path: Assets/Materials/skybox.mat
  artifactKey: Guid(857b9734f2c6dc5469c0bcb21636447f) Importer(815301076,1909f56bfc062723c751e8b465ee728b)
Start importing Assets/Materials/skybox.mat using Guid(857b9734f2c6dc5469c0bcb21636447f) Importer(815301076,1909f56bfc062723c751e8b465ee728b)  -> (artifact id: '562f8873588876a19c4dbba05e3805ae') in 0.127197 seconds
  Import took 0.130086 seconds .

========================================================================
Received Import Request.
  Time since last request: 0.000754 seconds.
  path: Assets/Materials/text.mat
  artifactKey: Guid(4a1166892f3ae5f4b874e5b280e904f1) Importer(815301076,1909f56bfc062723c751e8b465ee728b)
Start importing Assets/Materials/text.mat using Guid(4a1166892f3ae5f4b874e5b280e904f1) Importer(815301076,1909f56bfc062723c751e8b465ee728b)  -> (artifact id: '33a365ff48254c5ab487ca4c43a316e6') in 0.010253 seconds
  Import took 0.012951 seconds .

========================================================================
Received Prepare
Registering precompiled user dll's ...
Registered in 0.000720 seconds.
Begin MonoManager ReloadAssembly
Native extension for WindowsStandalone target not found
Refreshing native plugins compatible for Editor in 0.36 ms, found 0 plugins.
Preloading 0 native plugins for Editor in 0.00 ms.
Mono: successfully reloaded assembly
- Completed reload, in  0.820 seconds
Platform modules already initialized, skipping
Refreshing native plugins compatible for Editor in 0.23 ms, found 0 plugins.
Preloading 0 native plugins for Editor in 0.00 ms.
Unloading 1149 Unused Serialized files (Serialized files now loaded: 0)
System memory in use before: 75.9 MB.
System memory in use after: 76.0 MB.

Unloading 5 unused Assets to reduce memory usage. Loaded Objects now: 1652.
Total: 2.140100 ms (FindLiveObjects: 0.357600 ms CreateObjectMapping: 0.091600 ms MarkObjects: 1.647100 ms  DeleteObjects: 0.039400 ms)

AssetImportWorkerClient::OnTransportError - code=2 error=End of file
